[2023-07-08 18:29:49,530] {taskinstance.py:1032} INFO - Dependencies all met for <TaskInstance: Regions_ETL.transformar_data scheduled__2023-07-07T00:00:00+00:00 [queued]>
[2023-07-08 18:29:49,595] {taskinstance.py:1032} INFO - Dependencies all met for <TaskInstance: Regions_ETL.transformar_data scheduled__2023-07-07T00:00:00+00:00 [queued]>
[2023-07-08 18:29:49,597] {taskinstance.py:1238} INFO - 
--------------------------------------------------------------------------------
[2023-07-08 18:29:49,598] {taskinstance.py:1239} INFO - Starting attempt 1 of 6
[2023-07-08 18:29:49,599] {taskinstance.py:1240} INFO - 
--------------------------------------------------------------------------------
[2023-07-08 18:29:49,691] {taskinstance.py:1259} INFO - Executing <Task(PythonOperator): transformar_data> on 2023-07-07 00:00:00+00:00
[2023-07-08 18:29:49,715] {standard_task_runner.py:52} INFO - Started process 234 to run task
[2023-07-08 18:29:49,779] {standard_task_runner.py:76} INFO - Running: ['***', 'tasks', 'run', 'Regions_ETL', 'transformar_data', 'scheduled__2023-07-07T00:00:00+00:00', '--job-id', '6', '--raw', '--subdir', 'DAGS_FOLDER/ETL_Regions.py', '--cfg-path', '/tmp/tmpsmzjhc1q', '--error-file', '/tmp/tmpptormlmv']
[2023-07-08 18:29:49,782] {standard_task_runner.py:77} INFO - Job 6: Subtask transformar_data
[2023-07-08 18:29:50,227] {logging_mixin.py:109} INFO - Running <TaskInstance: Regions_ETL.transformar_data scheduled__2023-07-07T00:00:00+00:00 [running]> on host 3c75c5b6d9e6
[2023-07-08 18:29:50,354] {warnings.py:110} WARNING - /home/***/.local/lib/python3.7/site-packages/***/utils/context.py:152: AirflowContextDeprecationWarning: Accessing 'execution_date' from the template is deprecated and will be removed in a future version. Please use 'data_interval_start' or 'logical_date' instead.
  warnings.warn(_create_deprecation_warning(key, self._deprecation_replacements[key]))

[2023-07-08 18:29:50,525] {taskinstance.py:1426} INFO - Exporting the following env vars:
AIRFLOW_CTX_DAG_OWNER=gastonrios32
AIRFLOW_CTX_DAG_ID=Regions_ETL
AIRFLOW_CTX_TASK_ID=transformar_data
AIRFLOW_CTX_EXECUTION_DATE=2023-07-07T00:00:00+00:00
AIRFLOW_CTX_DAG_RUN_ID=scheduled__2023-07-07T00:00:00+00:00
[2023-07-08 18:29:50,527] {logging_mixin.py:109} INFO - Transformando la data para la fecha: 2023-07-07 0
[2023-07-08 18:29:51,270] {python.py:175} INFO - Done. Returned value was: None
[2023-07-08 18:29:51,475] {taskinstance.py:1277} INFO - Marking task as SUCCESS. dag_id=Regions_ETL, task_id=transformar_data, execution_date=20230707T000000, start_date=20230708T182949, end_date=20230708T182951
[2023-07-08 18:29:51,657] {local_task_job.py:154} INFO - Task exited with return code 0
[2023-07-08 18:29:51,894] {local_task_job.py:264} INFO - 1 downstream tasks scheduled from follow-on schedule check
