[2023-07-08 18:29:59,779] {taskinstance.py:1032} INFO - Dependencies all met for <TaskInstance: Regions_ETL.cargar_data scheduled__2023-07-07T00:00:00+00:00 [queued]>
[2023-07-08 18:29:59,828] {taskinstance.py:1032} INFO - Dependencies all met for <TaskInstance: Regions_ETL.cargar_data scheduled__2023-07-07T00:00:00+00:00 [queued]>
[2023-07-08 18:29:59,830] {taskinstance.py:1238} INFO - 
--------------------------------------------------------------------------------
[2023-07-08 18:29:59,832] {taskinstance.py:1239} INFO - Starting attempt 1 of 6
[2023-07-08 18:29:59,833] {taskinstance.py:1240} INFO - 
--------------------------------------------------------------------------------
[2023-07-08 18:29:59,868] {taskinstance.py:1259} INFO - Executing <Task(PythonOperator): cargar_data> on 2023-07-07 00:00:00+00:00
[2023-07-08 18:29:59,892] {standard_task_runner.py:52} INFO - Started process 245 to run task
[2023-07-08 18:29:59,900] {standard_task_runner.py:76} INFO - Running: ['***', 'tasks', 'run', 'Regions_ETL', 'cargar_data', 'scheduled__2023-07-07T00:00:00+00:00', '--job-id', '9', '--raw', '--subdir', 'DAGS_FOLDER/ETL_Regions.py', '--cfg-path', '/tmp/tmpxmehhb_r', '--error-file', '/tmp/tmp54fay3ou']
[2023-07-08 18:29:59,903] {standard_task_runner.py:77} INFO - Job 9: Subtask cargar_data
[2023-07-08 18:30:00,065] {logging_mixin.py:109} INFO - Running <TaskInstance: Regions_ETL.cargar_data scheduled__2023-07-07T00:00:00+00:00 [running]> on host 3c75c5b6d9e6
[2023-07-08 18:30:00,167] {warnings.py:110} WARNING - /home/***/.local/lib/python3.7/site-packages/***/utils/context.py:152: AirflowContextDeprecationWarning: Accessing 'execution_date' from the template is deprecated and will be removed in a future version. Please use 'data_interval_start' or 'logical_date' instead.
  warnings.warn(_create_deprecation_warning(key, self._deprecation_replacements[key]))

[2023-07-08 18:30:00,226] {taskinstance.py:1426} INFO - Exporting the following env vars:
AIRFLOW_CTX_DAG_OWNER=gastonrios32
AIRFLOW_CTX_DAG_ID=Regions_ETL
AIRFLOW_CTX_TASK_ID=cargar_data
AIRFLOW_CTX_EXECUTION_DATE=2023-07-07T00:00:00+00:00
AIRFLOW_CTX_DAG_RUN_ID=scheduled__2023-07-07T00:00:00+00:00
[2023-07-08 18:30:00,250] {logging_mixin.py:109} INFO - Cargando la data para la fecha: 2023-07-07 0
[2023-07-08 18:30:00,329] {logging_mixin.py:109} INFO - (250, 9)
[2023-07-08 18:30:00,386] {logging_mixin.py:109} INFO -                        Name  population  ...  timezones                    ETL_TIME
0                    Jordan    10203140  ...  UTC+03:00  2023-07-08 18:29:51.196392
1  Northern Mariana Islands       57557  ...  UTC+10:00  2023-07-08 18:29:51.196392
2                    Serbia     6908224  ...  UTC+01:00  2023-07-08 18:29:51.196392
3                   Andorra       77265  ...  UTC+01:00  2023-07-08 18:29:51.196392
4  Turks and Caicos Islands       38718  ...  UTC-04:00  2023-07-08 18:29:51.196392

[5 rows x 9 columns]
[2023-07-08 18:30:11,865] {python.py:175} INFO - Done. Returned value was: None
[2023-07-08 18:30:11,910] {taskinstance.py:1277} INFO - Marking task as SUCCESS. dag_id=Regions_ETL, task_id=cargar_data, execution_date=20230707T000000, start_date=20230708T182959, end_date=20230708T183011
[2023-07-08 18:30:12,002] {local_task_job.py:154} INFO - Task exited with return code 0
[2023-07-08 18:30:12,211] {local_task_job.py:264} INFO - 1 downstream tasks scheduled from follow-on schedule check
