[2023-07-08 18:29:53,583] {taskinstance.py:1032} INFO - Dependencies all met for <TaskInstance: Regions_ETL.conexion_BD manual__2023-07-08T18:29:22.681629+00:00 [queued]>
[2023-07-08 18:29:53,707] {taskinstance.py:1032} INFO - Dependencies all met for <TaskInstance: Regions_ETL.conexion_BD manual__2023-07-08T18:29:22.681629+00:00 [queued]>
[2023-07-08 18:29:53,709] {taskinstance.py:1238} INFO - 
--------------------------------------------------------------------------------
[2023-07-08 18:29:53,712] {taskinstance.py:1239} INFO - Starting attempt 1 of 6
[2023-07-08 18:29:53,722] {taskinstance.py:1240} INFO - 
--------------------------------------------------------------------------------
[2023-07-08 18:29:53,766] {taskinstance.py:1259} INFO - Executing <Task(PythonOperator): conexion_BD> on 2023-07-08 18:29:22.681629+00:00
[2023-07-08 18:29:53,777] {standard_task_runner.py:52} INFO - Started process 241 to run task
[2023-07-08 18:29:53,791] {standard_task_runner.py:76} INFO - Running: ['***', 'tasks', 'run', 'Regions_ETL', 'conexion_BD', 'manual__2023-07-08T18:29:22.681629+00:00', '--job-id', '7', '--raw', '--subdir', 'DAGS_FOLDER/ETL_Regions.py', '--cfg-path', '/tmp/tmpd45iurww', '--error-file', '/tmp/tmpyady9q5h']
[2023-07-08 18:29:53,804] {standard_task_runner.py:77} INFO - Job 7: Subtask conexion_BD
[2023-07-08 18:29:53,980] {logging_mixin.py:109} INFO - Running <TaskInstance: Regions_ETL.conexion_BD manual__2023-07-08T18:29:22.681629+00:00 [running]> on host 3c75c5b6d9e6
[2023-07-08 18:29:54,065] {warnings.py:110} WARNING - /home/***/.local/lib/python3.7/site-packages/***/utils/context.py:152: AirflowContextDeprecationWarning: Accessing 'execution_date' from the template is deprecated and will be removed in a future version. Please use 'data_interval_start' or 'logical_date' instead.
  warnings.warn(_create_deprecation_warning(key, self._deprecation_replacements[key]))

[2023-07-08 18:29:54,123] {taskinstance.py:1426} INFO - Exporting the following env vars:
AIRFLOW_CTX_DAG_OWNER=gastonrios32
AIRFLOW_CTX_DAG_ID=Regions_ETL
AIRFLOW_CTX_TASK_ID=conexion_BD
AIRFLOW_CTX_EXECUTION_DATE=2023-07-08T18:29:22.681629+00:00
AIRFLOW_CTX_DAG_RUN_ID=manual__2023-07-08T18:29:22.681629+00:00
[2023-07-08 18:29:54,130] {logging_mixin.py:109} INFO - Conectandose a la BD en la fecha: 2023-07-08 18
[2023-07-08 18:29:55,695] {logging_mixin.py:109} INFO - <connection object at 0x7f75c17006e0; dsn: 'user=gastonrios32_coderhouse password=xxx dbname=data-engineer-database host=data-engineer-cluster.cyhh5bfevlmn.us-east-1.redshift.amazonaws.com port=5439', closed: 0>
[2023-07-08 18:29:55,697] {logging_mixin.py:109} INFO - Connected to Redshift successfully!
[2023-07-08 18:29:55,698] {python.py:175} INFO - Done. Returned value was: None
[2023-07-08 18:29:55,777] {taskinstance.py:1277} INFO - Marking task as SUCCESS. dag_id=Regions_ETL, task_id=conexion_BD, execution_date=20230708T182922, start_date=20230708T182953, end_date=20230708T182955
[2023-07-08 18:29:55,941] {local_task_job.py:154} INFO - Task exited with return code 0
[2023-07-08 18:29:56,570] {local_task_job.py:264} INFO - 0 downstream tasks scheduled from follow-on schedule check
