[2023-07-08 18:38:08,128] {taskinstance.py:1032} INFO - Dependencies all met for <TaskInstance: Regions_ETL.transformar_data manual__2023-07-08T18:37:59.009049+00:00 [queued]>
[2023-07-08 18:38:08,198] {taskinstance.py:1032} INFO - Dependencies all met for <TaskInstance: Regions_ETL.transformar_data manual__2023-07-08T18:37:59.009049+00:00 [queued]>
[2023-07-08 18:38:08,200] {taskinstance.py:1238} INFO - 
--------------------------------------------------------------------------------
[2023-07-08 18:38:08,202] {taskinstance.py:1239} INFO - Starting attempt 1 of 6
[2023-07-08 18:38:08,203] {taskinstance.py:1240} INFO - 
--------------------------------------------------------------------------------
[2023-07-08 18:38:08,246] {taskinstance.py:1259} INFO - Executing <Task(PythonOperator): transformar_data> on 2023-07-08 18:37:59.009049+00:00
[2023-07-08 18:38:08,260] {standard_task_runner.py:52} INFO - Started process 478 to run task
[2023-07-08 18:38:08,274] {standard_task_runner.py:76} INFO - Running: ['***', 'tasks', 'run', 'Regions_ETL', 'transformar_data', 'manual__2023-07-08T18:37:59.009049+00:00', '--job-id', '15', '--raw', '--subdir', 'DAGS_FOLDER/ETL_Regions.py', '--cfg-path', '/tmp/tmpdcyj86y0', '--error-file', '/tmp/tmp4ko4gz2y']
[2023-07-08 18:38:08,280] {standard_task_runner.py:77} INFO - Job 15: Subtask transformar_data
[2023-07-08 18:38:08,486] {logging_mixin.py:109} INFO - Running <TaskInstance: Regions_ETL.transformar_data manual__2023-07-08T18:37:59.009049+00:00 [running]> on host 3c75c5b6d9e6
[2023-07-08 18:38:08,693] {warnings.py:110} WARNING - /home/***/.local/lib/python3.7/site-packages/***/utils/context.py:152: AirflowContextDeprecationWarning: Accessing 'execution_date' from the template is deprecated and will be removed in a future version. Please use 'data_interval_start' or 'logical_date' instead.
  warnings.warn(_create_deprecation_warning(key, self._deprecation_replacements[key]))

[2023-07-08 18:38:08,815] {taskinstance.py:1426} INFO - Exporting the following env vars:
AIRFLOW_CTX_DAG_OWNER=gastonrios32
AIRFLOW_CTX_DAG_ID=Regions_ETL
AIRFLOW_CTX_TASK_ID=transformar_data
AIRFLOW_CTX_EXECUTION_DATE=2023-07-08T18:37:59.009049+00:00
AIRFLOW_CTX_DAG_RUN_ID=manual__2023-07-08T18:37:59.009049+00:00
[2023-07-08 18:38:08,823] {logging_mixin.py:109} INFO - Transformando la data para la fecha: 2023-07-08 18
[2023-07-08 18:38:09,711] {python.py:175} INFO - Done. Returned value was: None
[2023-07-08 18:38:09,761] {taskinstance.py:1277} INFO - Marking task as SUCCESS. dag_id=Regions_ETL, task_id=transformar_data, execution_date=20230708T183759, start_date=20230708T183808, end_date=20230708T183809
[2023-07-08 18:38:09,853] {local_task_job.py:154} INFO - Task exited with return code 0
[2023-07-08 18:38:10,028] {local_task_job.py:264} INFO - 1 downstream tasks scheduled from follow-on schedule check
