[2023-07-08 18:40:07,565] {taskinstance.py:1032} INFO - Dependencies all met for <TaskInstance: Regions_ETL.envio_mail manual__2023-07-08T18:37:59.009049+00:00 [queued]>
[2023-07-08 18:40:07,619] {taskinstance.py:1032} INFO - Dependencies all met for <TaskInstance: Regions_ETL.envio_mail manual__2023-07-08T18:37:59.009049+00:00 [queued]>
[2023-07-08 18:40:07,622] {taskinstance.py:1238} INFO - 
--------------------------------------------------------------------------------
[2023-07-08 18:40:07,630] {taskinstance.py:1239} INFO - Starting attempt 1 of 6
[2023-07-08 18:40:07,631] {taskinstance.py:1240} INFO - 
--------------------------------------------------------------------------------
[2023-07-08 18:40:07,688] {taskinstance.py:1259} INFO - Executing <Task(PythonOperator): envio_mail> on 2023-07-08 18:37:59.009049+00:00
[2023-07-08 18:40:07,703] {standard_task_runner.py:52} INFO - Started process 544 to run task
[2023-07-08 18:40:07,736] {standard_task_runner.py:76} INFO - Running: ['***', 'tasks', 'run', 'Regions_ETL', 'envio_mail', 'manual__2023-07-08T18:37:59.009049+00:00', '--job-id', '18', '--raw', '--subdir', 'DAGS_FOLDER/ETL_Regions.py', '--cfg-path', '/tmp/tmprh7ijvbq', '--error-file', '/tmp/tmpszekahtj']
[2023-07-08 18:40:07,741] {standard_task_runner.py:77} INFO - Job 18: Subtask envio_mail
[2023-07-08 18:40:08,106] {logging_mixin.py:109} INFO - Running <TaskInstance: Regions_ETL.envio_mail manual__2023-07-08T18:37:59.009049+00:00 [running]> on host 3c75c5b6d9e6
[2023-07-08 18:40:08,562] {warnings.py:110} WARNING - /home/***/.local/lib/python3.7/site-packages/***/utils/context.py:152: AirflowContextDeprecationWarning: Accessing 'execution_date' from the template is deprecated and will be removed in a future version. Please use 'data_interval_start' or 'logical_date' instead.
  warnings.warn(_create_deprecation_warning(key, self._deprecation_replacements[key]))

[2023-07-08 18:40:08,801] {taskinstance.py:1426} INFO - Exporting the following env vars:
AIRFLOW_CTX_DAG_OWNER=gastonrios32
AIRFLOW_CTX_DAG_ID=Regions_ETL
AIRFLOW_CTX_TASK_ID=envio_mail
AIRFLOW_CTX_EXECUTION_DATE=2023-07-08T18:37:59.009049+00:00
AIRFLOW_CTX_DAG_RUN_ID=manual__2023-07-08T18:37:59.009049+00:00
[2023-07-08 18:40:08,803] {logging_mixin.py:109} INFO - Enviando Email: 2023-07-08 18
[2023-07-08 18:40:11,647] {logging_mixin.py:109} INFO - El correo fue enviado de forma satisfactoria
[2023-07-08 18:40:11,650] {python.py:175} INFO - Done. Returned value was: None
[2023-07-08 18:40:11,691] {taskinstance.py:1277} INFO - Marking task as SUCCESS. dag_id=Regions_ETL, task_id=envio_mail, execution_date=20230708T183759, start_date=20230708T184007, end_date=20230708T184011
[2023-07-08 18:40:11,845] {local_task_job.py:154} INFO - Task exited with return code 0
[2023-07-08 18:40:12,065] {local_task_job.py:264} INFO - 0 downstream tasks scheduled from follow-on schedule check
