[2023-07-08 18:30:06,252] {taskinstance.py:1032} INFO - Dependencies all met for <TaskInstance: Regions_ETL.cargar_data manual__2023-07-08T18:29:22.681629+00:00 [queued]>
[2023-07-08 18:30:06,302] {taskinstance.py:1032} INFO - Dependencies all met for <TaskInstance: Regions_ETL.cargar_data manual__2023-07-08T18:29:22.681629+00:00 [queued]>
[2023-07-08 18:30:06,303] {taskinstance.py:1238} INFO - 
--------------------------------------------------------------------------------
[2023-07-08 18:30:06,304] {taskinstance.py:1239} INFO - Starting attempt 1 of 6
[2023-07-08 18:30:06,306] {taskinstance.py:1240} INFO - 
--------------------------------------------------------------------------------
[2023-07-08 18:30:06,346] {taskinstance.py:1259} INFO - Executing <Task(PythonOperator): cargar_data> on 2023-07-08 18:29:22.681629+00:00
[2023-07-08 18:30:06,354] {standard_task_runner.py:52} INFO - Started process 248 to run task
[2023-07-08 18:30:06,363] {standard_task_runner.py:76} INFO - Running: ['***', 'tasks', 'run', 'Regions_ETL', 'cargar_data', 'manual__2023-07-08T18:29:22.681629+00:00', '--job-id', '10', '--raw', '--subdir', 'DAGS_FOLDER/ETL_Regions.py', '--cfg-path', '/tmp/tmpyle4zefv', '--error-file', '/tmp/tmpyw25xuij']
[2023-07-08 18:30:06,367] {standard_task_runner.py:77} INFO - Job 10: Subtask cargar_data
[2023-07-08 18:30:06,548] {logging_mixin.py:109} INFO - Running <TaskInstance: Regions_ETL.cargar_data manual__2023-07-08T18:29:22.681629+00:00 [running]> on host 3c75c5b6d9e6
[2023-07-08 18:30:06,701] {warnings.py:110} WARNING - /home/***/.local/lib/python3.7/site-packages/***/utils/context.py:152: AirflowContextDeprecationWarning: Accessing 'execution_date' from the template is deprecated and will be removed in a future version. Please use 'data_interval_start' or 'logical_date' instead.
  warnings.warn(_create_deprecation_warning(key, self._deprecation_replacements[key]))

[2023-07-08 18:30:06,782] {taskinstance.py:1426} INFO - Exporting the following env vars:
AIRFLOW_CTX_DAG_OWNER=gastonrios32
AIRFLOW_CTX_DAG_ID=Regions_ETL
AIRFLOW_CTX_TASK_ID=cargar_data
AIRFLOW_CTX_EXECUTION_DATE=2023-07-08T18:29:22.681629+00:00
AIRFLOW_CTX_DAG_RUN_ID=manual__2023-07-08T18:29:22.681629+00:00
[2023-07-08 18:30:06,790] {logging_mixin.py:109} INFO - Cargando la data para la fecha: 2023-07-08 18
[2023-07-08 18:30:06,860] {logging_mixin.py:109} INFO - (250, 9)
[2023-07-08 18:30:06,990] {logging_mixin.py:109} INFO -                        Name  population  ...  timezones                    ETL_TIME
0                    Jordan    10203140  ...  UTC+03:00  2023-07-08 18:29:50.037340
1  Northern Mariana Islands       57557  ...  UTC+10:00  2023-07-08 18:29:50.037340
2                    Serbia     6908224  ...  UTC+01:00  2023-07-08 18:29:50.037340
3                   Andorra       77265  ...  UTC+01:00  2023-07-08 18:29:50.037340
4  Turks and Caicos Islands       38718  ...  UTC-04:00  2023-07-08 18:29:50.037340

[5 rows x 9 columns]
[2023-07-08 18:30:12,603] {python.py:175} INFO - Done. Returned value was: None
[2023-07-08 18:30:12,721] {taskinstance.py:1277} INFO - Marking task as SUCCESS. dag_id=Regions_ETL, task_id=cargar_data, execution_date=20230708T182922, start_date=20230708T183006, end_date=20230708T183012
[2023-07-08 18:30:12,901] {local_task_job.py:154} INFO - Task exited with return code 0
[2023-07-08 18:30:13,641] {local_task_job.py:264} INFO - 1 downstream tasks scheduled from follow-on schedule check
