[2023-07-08 18:29:54,729] {taskinstance.py:1032} INFO - Dependencies all met for <TaskInstance: Regions_ETL.conexion_BD scheduled__2023-07-07T00:00:00+00:00 [queued]>
[2023-07-08 18:29:54,762] {taskinstance.py:1032} INFO - Dependencies all met for <TaskInstance: Regions_ETL.conexion_BD scheduled__2023-07-07T00:00:00+00:00 [queued]>
[2023-07-08 18:29:54,764] {taskinstance.py:1238} INFO - 
--------------------------------------------------------------------------------
[2023-07-08 18:29:54,767] {taskinstance.py:1239} INFO - Starting attempt 1 of 6
[2023-07-08 18:29:54,768] {taskinstance.py:1240} INFO - 
--------------------------------------------------------------------------------
[2023-07-08 18:29:54,800] {taskinstance.py:1259} INFO - Executing <Task(PythonOperator): conexion_BD> on 2023-07-07 00:00:00+00:00
[2023-07-08 18:29:54,813] {standard_task_runner.py:52} INFO - Started process 242 to run task
[2023-07-08 18:29:54,832] {standard_task_runner.py:76} INFO - Running: ['***', 'tasks', 'run', 'Regions_ETL', 'conexion_BD', 'scheduled__2023-07-07T00:00:00+00:00', '--job-id', '8', '--raw', '--subdir', 'DAGS_FOLDER/ETL_Regions.py', '--cfg-path', '/tmp/tmpvepdlw4j', '--error-file', '/tmp/tmpri8faq4p']
[2023-07-08 18:29:54,836] {standard_task_runner.py:77} INFO - Job 8: Subtask conexion_BD
[2023-07-08 18:29:55,041] {logging_mixin.py:109} INFO - Running <TaskInstance: Regions_ETL.conexion_BD scheduled__2023-07-07T00:00:00+00:00 [running]> on host 3c75c5b6d9e6
[2023-07-08 18:29:55,248] {warnings.py:110} WARNING - /home/***/.local/lib/python3.7/site-packages/***/utils/context.py:152: AirflowContextDeprecationWarning: Accessing 'execution_date' from the template is deprecated and will be removed in a future version. Please use 'data_interval_start' or 'logical_date' instead.
  warnings.warn(_create_deprecation_warning(key, self._deprecation_replacements[key]))

[2023-07-08 18:29:55,355] {taskinstance.py:1426} INFO - Exporting the following env vars:
AIRFLOW_CTX_DAG_OWNER=gastonrios32
AIRFLOW_CTX_DAG_ID=Regions_ETL
AIRFLOW_CTX_TASK_ID=conexion_BD
AIRFLOW_CTX_EXECUTION_DATE=2023-07-07T00:00:00+00:00
AIRFLOW_CTX_DAG_RUN_ID=scheduled__2023-07-07T00:00:00+00:00
[2023-07-08 18:29:55,357] {logging_mixin.py:109} INFO - Conectandose a la BD en la fecha: 2023-07-07 0
[2023-07-08 18:29:56,560] {logging_mixin.py:109} INFO - <connection object at 0x7f75c170a590; dsn: 'user=gastonrios32_coderhouse password=xxx dbname=data-engineer-database host=data-engineer-cluster.cyhh5bfevlmn.us-east-1.redshift.amazonaws.com port=5439', closed: 0>
[2023-07-08 18:29:56,579] {logging_mixin.py:109} INFO - Connected to Redshift successfully!
[2023-07-08 18:29:56,583] {python.py:175} INFO - Done. Returned value was: None
[2023-07-08 18:29:56,651] {taskinstance.py:1277} INFO - Marking task as SUCCESS. dag_id=Regions_ETL, task_id=conexion_BD, execution_date=20230707T000000, start_date=20230708T182954, end_date=20230708T182956
[2023-07-08 18:29:56,786] {local_task_job.py:154} INFO - Task exited with return code 0
[2023-07-08 18:29:57,088] {local_task_job.py:264} INFO - 1 downstream tasks scheduled from follow-on schedule check
